Using pre-set license
Built from '2020.3/staging' branch; Version is '2020.3.19f1 (68f137dc9bbe) revision 6877495'; Using compiler version '192528614'; Build Type 'Release'
OS: 'Windows 10 Home Single Language; OS build 19043.1288; Version 2009; 64bit' Language: 'fr' Physical Memory: 16185 MB
BatchMode: 1, IsHumanControllingUs: 0, StartBugReporterOnCrash: 0, Is64bit: 1, IsPro: 0

COMMAND LINE ARGUMENTS:
C:\Program Files\Unity\Hub\Editor\2020.3.19f1\Editor\Unity.exe
-adb2
-batchMode
-noUpm
-name
AssetImportWorker0
-projectPath
C:/Users/HP/Project
-logFile
Logs/AssetImportWorker0.log
-srvPort
58417
Successfully changed project path to: C:/Users/HP/Project
C:/Users/HP/Project
Using Asset Import Pipeline V2.
Refreshing native plugins compatible for Editor in 25.07 ms, found 2 plugins.
Preloading 0 native plugins for Editor in 0.00 ms.
Initialize engine version: 2020.3.19f1 (68f137dc9bbe)
[Subsystems] Discovering subsystems at path C:/Program Files/Unity/Hub/Editor/2020.3.19f1/Editor/Data/Resources/UnitySubsystems
[Subsystems] Discovering subsystems at path C:/Users/HP/Project/Assets
GfxDevice: creating device client; threaded=0
Direct3D:
    Version:  Direct3D 11.0 [level 11.1]
    Renderer: NVIDIA GeForce GTX 1650 (ID=0x1f99)
    Vendor:   
    VRAM:     3962 MB
    Driver:   27.21.14.6280
Initialize mono
Mono path[0] = 'C:/Program Files/Unity/Hub/Editor/2020.3.19f1/Editor/Data/Managed'
Mono path[1] = 'C:/Program Files/Unity/Hub/Editor/2020.3.19f1/Editor/Data/MonoBleedingEdge/lib/mono/unityjit'
Mono config path = 'C:/Program Files/Unity/Hub/Editor/2020.3.19f1/Editor/Data/MonoBleedingEdge/etc'
Using monoOptions --debugger-agent=transport=dt_socket,embedding=1,server=y,suspend=n,address=127.0.0.1:56040
Begin MonoManager ReloadAssembly
Registering precompiled unity dll's ...
Register platform support module: C:/Program Files/Unity/Hub/Editor/2020.3.19f1/Editor/Data/PlaybackEngines/WebGLSupport/UnityEditor.WebGL.Extensions.dll
Register platform support module: C:/Program Files/Unity/Hub/Editor/2020.3.19f1/Editor/Data/PlaybackEngines/WindowsStandaloneSupport/UnityEditor.WindowsStandalone.Extensions.dll
Registered in 0.002958 seconds.
Native extension for WindowsStandalone target not found
Native extension for WebGL target not found
Refreshing native plugins compatible for Editor in 23.67 ms, found 2 plugins.
Preloading 0 native plugins for Editor in 0.00 ms.
Mono: successfully reloaded assembly
- Completed reload, in  1.183 seconds
Domain Reload Profiling:
	ReloadAssembly (1183ms)
		BeginReloadAssembly (57ms)
			ExecutionOrderSort (0ms)
			DisableScriptedObjects (0ms)
			BackupInstance (0ms)
			ReleaseScriptingObjects (0ms)
			CreateAndSetChildDomain (1ms)
		EndReloadAssembly (364ms)
			LoadAssemblies (55ms)
			RebuildTransferFunctionScriptingTraits (0ms)
			SetupTypeCache (139ms)
			ReleaseScriptCaches (0ms)
			RebuildScriptCaches (26ms)
			SetupLoadedEditorAssemblies (132ms)
				LogAssemblyErrors (0ms)
				InitializePlatformSupportModulesInManaged (5ms)
				SetLoadedEditorAssemblies (0ms)
				RefreshPlugins (24ms)
				BeforeProcessingInitializeOnLoad (8ms)
				ProcessInitializeOnLoadAttributes (71ms)
				ProcessInitializeOnLoadMethodAttributes (24ms)
				AfterProcessingInitializeOnLoad (0ms)
				EditorAssembliesLoaded (0ms)
			ExecutionOrderSort2 (0ms)
			AwakeInstancesAfterBackupRestoration (0ms)
Platform modules already initialized, skipping
Registering precompiled user dll's ...
Registered in 0.003690 seconds.
Begin MonoManager ReloadAssembly
Native extension for WindowsStandalone target not found
Native extension for WebGL target not found
Refreshing native plugins compatible for Editor in 0.30 ms, found 2 plugins.
Preloading 0 native plugins for Editor in 0.00 ms.
Mono: successfully reloaded assembly
- Completed reload, in  0.878 seconds
Domain Reload Profiling:
	ReloadAssembly (879ms)
		BeginReloadAssembly (156ms)
			ExecutionOrderSort (0ms)
			DisableScriptedObjects (4ms)
			BackupInstance (0ms)
			ReleaseScriptingObjects (0ms)
			CreateAndSetChildDomain (19ms)
		EndReloadAssembly (667ms)
			LoadAssemblies (88ms)
			RebuildTransferFunctionScriptingTraits (0ms)
			SetupTypeCache (229ms)
			ReleaseScriptCaches (0ms)
			RebuildScriptCaches (37ms)
			SetupLoadedEditorAssemblies (245ms)
				LogAssemblyErrors (0ms)
				InitializePlatformSupportModulesInManaged (5ms)
				SetLoadedEditorAssemblies (0ms)
				RefreshPlugins (0ms)
				BeforeProcessingInitializeOnLoad (46ms)
				ProcessInitializeOnLoadAttributes (182ms)
				ProcessInitializeOnLoadMethodAttributes (3ms)
				AfterProcessingInitializeOnLoad (8ms)
				EditorAssembliesLoaded (0ms)
			ExecutionOrderSort2 (0ms)
			AwakeInstancesAfterBackupRestoration (5ms)
Platform modules already initialized, skipping
========================================================================
Worker process is ready to serve import requests
Launched and connected shader compiler UnityShaderCompiler.exe after 0.07 seconds
Refreshing native plugins compatible for Editor in 0.47 ms, found 2 plugins.
Preloading 0 native plugins for Editor in 0.00 ms.
Unloading 1397 Unused Serialized files (Serialized files now loaded: 0)
System memory in use before: 64.8 MB.
System memory in use after: 64.9 MB.

Unloading 16 unused Assets to reduce memory usage. Loaded Objects now: 1832.
Total: 3.480600 ms (FindLiveObjects: 0.164000 ms CreateObjectMapping: 0.049800 ms MarkObjects: 3.157600 ms  DeleteObjects: 0.108100 ms)

AssetImportParameters requested are different than current active one (requested -> active):
  custom:framework-win-MediaFoundation: 216162199b28c13a410421893ffa2e32 -> 
  custom:video-decoder-ogg-theora: a1e56fd34408186e4bbccfd4996cb3dc -> 
  custom:container-muxer-webm: aa71ff27fc2769a1b78a27578f13a17b -> 
  custom:container-demuxer-webm: 4f35f7cbe854078d1ac9338744f61a02 -> 
  custom:container-demuxer-ogg: 62fdf1f143b41e24485cea50d1cbac27 -> 
  custom:video-encoder-webm-vp8: eb34c28f22e8b96e1ab97ce403110664 -> 
  custom:video-codec-MediaFoundation-h265: 746d11721c4dcdbdad8f713fa42b33f4 -> 
  custom:video-decoder-webm-vp8: 9c59270c3fd7afecdb556c50c9e8de78 -> 
  custom:audio-decoder-ogg-vorbis: bf7c407c2cedff20999df2af8eb42d56 -> 
  custom:audio-encoder-webm-vorbis: bf7c407c2cedff20999df2af8eb42d56 -> 
========================================================================
Received Import Request.
  path: Assets/Diffuse.png
  artifactKey: Guid(1505297db3e450e459a9373aa017aaef) Importer(815301076,1909f56bfc062723c751e8b465ee728b)
Start importing Assets/Diffuse.png using Guid(1505297db3e450e459a9373aa017aaef) Importer(815301076,1909f56bfc062723c751e8b465ee728b)  -> (artifact id: 'fb0cda157d6a952122ef8818d25f0b73') in 0.060094 seconds 
  Import took 0.062419 seconds .

========================================================================
Received Import Request.
  Time since last request: 0.000331 seconds.
  path: Assets/Clouds.png
  artifactKey: Guid(dad5b1f4df3287a4b95ccd7753bcbd6d) Importer(815301076,1909f56bfc062723c751e8b465ee728b)
Start importing Assets/Clouds.png using Guid(dad5b1f4df3287a4b95ccd7753bcbd6d) Importer(815301076,1909f56bfc062723c751e8b465ee728b)  -> (artifact id: 'dfbfa0caa4853731e64d61df45e9df3a') in 0.018153 seconds 
  Import took 0.022949 seconds .

========================================================================
Received Prepare
Registering precompiled user dll's ...
Registered in 0.003533 seconds.
Begin MonoManager ReloadAssembly
Native extension for WindowsStandalone target not found
Native extension for WebGL target not found
Refreshing native plugins compatible for Editor in 0.27 ms, found 2 plugins.
Preloading 0 native plugins for Editor in 0.00 ms.
Mono: successfully reloaded assembly
- Completed reload, in  0.823 seconds
Domain Reload Profiling:
	ReloadAssembly (823ms)
		BeginReloadAssembly (111ms)
			ExecutionOrderSort (0ms)
			DisableScriptedObjects (4ms)
			BackupInstance (0ms)
			ReleaseScriptingObjects (0ms)
			CreateAndSetChildDomain (29ms)
		EndReloadAssembly (658ms)
			LoadAssemblies (80ms)
			RebuildTransferFunctionScriptingTraits (0ms)
			SetupTypeCache (226ms)
			ReleaseScriptCaches (1ms)
			RebuildScriptCaches (31ms)
			SetupLoadedEditorAssemblies (232ms)
				LogAssemblyErrors (0ms)
				InitializePlatformSupportModulesInManaged (5ms)
				SetLoadedEditorAssemblies (0ms)
				RefreshPlugins (0ms)
				BeforeProcessingInitializeOnLoad (43ms)
				ProcessInitializeOnLoadAttributes (172ms)
				ProcessInitializeOnLoadMethodAttributes (3ms)
				AfterProcessingInitializeOnLoad (8ms)
				EditorAssembliesLoaded (0ms)
			ExecutionOrderSort2 (0ms)
			AwakeInstancesAfterBackupRestoration (6ms)
Platform modules already initialized, skipping
Switching build target platform(19) subTarget(0) extendedPlatform(0) -> platform(13) subTarget(537395200) extendedPlatform(0)
Refreshing native plugins compatible for Editor in 0.28 ms, found 2 plugins.
Preloading 0 native plugins for Editor in 0.00 ms.
Unloading 1395 Unused Serialized files (Serialized files now loaded: 0)
System memory in use before: 64.7 MB.
System memory in use after: 64.8 MB.

Unloading 11 unused Assets to reduce memory usage. Loaded Objects now: 1836.
Total: 2.653400 ms (FindLiveObjects: 0.146900 ms CreateObjectMapping: 0.044300 ms MarkObjects: 2.444600 ms  DeleteObjects: 0.016500 ms)

AssetImportParameters requested are different than current active one (requested -> active):
  custom:framework-win-MediaFoundation: 216162199b28c13a410421893ffa2e32 -> 
  custom:video-decoder-ogg-theora: a1e56fd34408186e4bbccfd4996cb3dc -> 
  custom:container-muxer-webm: aa71ff27fc2769a1b78a27578f13a17b -> 
  custom:container-demuxer-webm: 4f35f7cbe854078d1ac9338744f61a02 -> 
  custom:container-demuxer-ogg: 62fdf1f143b41e24485cea50d1cbac27 -> 
  custom:video-encoder-webm-vp8: eb34c28f22e8b96e1ab97ce403110664 -> 
  custom:video-codec-MediaFoundation-h265: 746d11721c4dcdbdad8f713fa42b33f4 -> 
  custom:video-decoder-webm-vp8: 9c59270c3fd7afecdb556c50c9e8de78 -> 
  custom:graphics/normal-map-encoding: 01000000000000000000000000000000 -> 02000000000000000000000000000000
  custom:audio-decoder-ogg-vorbis: bf7c407c2cedff20999df2af8eb42d56 -> 
  custom:audio-encoder-webm-vorbis: bf7c407c2cedff20999df2af8eb42d56 -> 
========================================================================
Received Prepare
Refreshing native plugins compatible for Editor in 3.19 ms, found 2 plugins.
Preloading 0 native plugins for Editor in 0.00 ms.
Unloading 9 Unused Serialized files (Serialized files now loaded: 0)
System memory in use before: 37.3 MB.
System memory in use after: 37.4 MB.

Unloading 9 unused Assets to reduce memory usage. Loaded Objects now: 1836.
Total: 2.538100 ms (FindLiveObjects: 0.154900 ms CreateObjectMapping: 0.046600 ms MarkObjects: 2.324400 ms  DeleteObjects: 0.011200 ms)

AssetImportParameters requested are different than current active one (requested -> active):
  custom:framework-win-MediaFoundation: 216162199b28c13a410421893ffa2e32 -> 
  custom:video-decoder-ogg-theora: a1e56fd34408186e4bbccfd4996cb3dc -> 
  custom:container-muxer-webm: aa71ff27fc2769a1b78a27578f13a17b -> 
  custom:container-demuxer-webm: 4f35f7cbe854078d1ac9338744f61a02 -> 
  custom:container-demuxer-ogg: 62fdf1f143b41e24485cea50d1cbac27 -> 
  custom:video-encoder-webm-vp8: eb34c28f22e8b96e1ab97ce403110664 -> 
  custom:video-codec-MediaFoundation-h265: 746d11721c4dcdbdad8f713fa42b33f4 -> 
  custom:video-decoder-webm-vp8: 9c59270c3fd7afecdb556c50c9e8de78 -> 
  custom:audio-decoder-ogg-vorbis: bf7c407c2cedff20999df2af8eb42d56 -> 
  custom:audio-encoder-webm-vorbis: bf7c407c2cedff20999df2af8eb42d56 -> 
========================================================================
Received Import Request.
  Time since last request: 1631.581195 seconds.
  path: Assets/Clouds.png
  artifactKey: Guid(dad5b1f4df3287a4b95ccd7753bcbd6d) Importer(815301076,1909f56bfc062723c751e8b465ee728b)
Start importing Assets/Clouds.png using Guid(dad5b1f4df3287a4b95ccd7753bcbd6d) Importer(815301076,1909f56bfc062723c751e8b465ee728b)  -> (artifact id: 'b8069dec720b0e2fa55a0075ba8d4551') in 0.068112 seconds 
  Import took 0.070357 seconds .

========================================================================
Received Import Request.
  Time since last request: 0.000253 seconds.
  path: Assets/Diffuse.png
  artifactKey: Guid(1505297db3e450e459a9373aa017aaef) Importer(815301076,1909f56bfc062723c751e8b465ee728b)
Start importing Assets/Diffuse.png using Guid(1505297db3e450e459a9373aa017aaef) Importer(815301076,1909f56bfc062723c751e8b465ee728b)  -> (artifact id: 'ea59b752d1d246b4ee46da613653a023') in 0.037082 seconds 
  Import took 0.039010 seconds .

========================================================================
Received Prepare
Switching build target platform(13) subTarget(537395200) extendedPlatform(0) -> platform(13) subTarget(589824) extendedPlatform(0)
Refreshing native plugins compatible for Editor in 82.48 ms, found 2 plugins.
Preloading 0 native plugins for Editor in 0.00 ms.
Unloading 9 Unused Serialized files (Serialized files now loaded: 0)
System memory in use before: 37.4 MB.
System memory in use after: 37.5 MB.

Unloading 9 unused Assets to reduce memory usage. Loaded Objects now: 1836.
Total: 47.813300 ms (FindLiveObjects: 0.375400 ms CreateObjectMapping: 0.074500 ms MarkObjects: 47.341700 ms  DeleteObjects: 0.020000 ms)

AssetImportParameters requested are different than current active one (requested -> active):
  buildTarget: platform 13, subtarget 589824, extendedPlatform 0 -> platform 13, subtarget 537395200, extendedPlatform 0
  graphicsApiMask: 2304 -> 2099200
  custom:framework-win-MediaFoundation: 216162199b28c13a410421893ffa2e32 -> 
  custom:video-decoder-ogg-theora: a1e56fd34408186e4bbccfd4996cb3dc -> 
  custom:container-muxer-webm: aa71ff27fc2769a1b78a27578f13a17b -> 
  custom:container-demuxer-webm: 4f35f7cbe854078d1ac9338744f61a02 -> 
  custom:container-demuxer-ogg: 62fdf1f143b41e24485cea50d1cbac27 -> 
  custom:video-encoder-webm-vp8: eb34c28f22e8b96e1ab97ce403110664 -> 
  custom:video-codec-MediaFoundation-h265: 746d11721c4dcdbdad8f713fa42b33f4 -> 
  custom:video-decoder-webm-vp8: 9c59270c3fd7afecdb556c50c9e8de78 -> 
  custom:audio-decoder-ogg-vorbis: bf7c407c2cedff20999df2af8eb42d56 -> 
  custom:audio-encoder-webm-vorbis: bf7c407c2cedff20999df2af8eb42d56 -> 
========================================================================
Received Import Request.
  Time since last request: 28417.689737 seconds.
  path: Assets/Diffuse.png
  artifactKey: Guid(1505297db3e450e459a9373aa017aaef) Importer(815301076,1909f56bfc062723c751e8b465ee728b)
Start importing Assets/Diffuse.png using Guid(1505297db3e450e459a9373aa017aaef) Importer(815301076,1909f56bfc062723c751e8b465ee728b)  -> (artifact id: '844285c20bcc8c146b5015e8e30bed3d') in 0.180668 seconds 
  Import took 0.183917 seconds .

========================================================================
Received Import Request.
  Time since last request: 0.000341 seconds.
  path: Assets/Clouds.png
  artifactKey: Guid(dad5b1f4df3287a4b95ccd7753bcbd6d) Importer(815301076,1909f56bfc062723c751e8b465ee728b)
Start importing Assets/Clouds.png using Guid(dad5b1f4df3287a4b95ccd7753bcbd6d) Importer(815301076,1909f56bfc062723c751e8b465ee728b)  -> (artifact id: 'df1434ea49c8f5feae5d5cc53149d90f') in 0.066008 seconds 
  Import took 0.085416 seconds .

========================================================================
Received Import Request.
  Time since last request: 494.331276 seconds.
  path: Assets/New Folder
  artifactKey: Guid(4825018ce6be7e34c85c32b0c1b84a83) Importer(815301076,1909f56bfc062723c751e8b465ee728b)
Start importing Assets/New Folder using Guid(4825018ce6be7e34c85c32b0c1b84a83) Importer(815301076,1909f56bfc062723c751e8b465ee728b)  -> (artifact id: 'f0a05b4cd5b13f33011f359c77919ae5') in 0.015117 seconds 
  Import took 0.022323 seconds .

========================================================================
Received Import Request.
  Time since last request: 9.390216 seconds.
  path: Assets/Meshes
  artifactKey: Guid(4825018ce6be7e34c85c32b0c1b84a83) Importer(815301076,1909f56bfc062723c751e8b465ee728b)
Start importing Assets/Meshes using Guid(4825018ce6be7e34c85c32b0c1b84a83) Importer(815301076,1909f56bfc062723c751e8b465ee728b)  -> (artifact id: 'cb77f25b8ff436d70e3d29314e1c83f5') in 0.012689 seconds 
  Import took 0.016036 seconds .

========================================================================
Received Import Request.
  Time since last request: 39.176017 seconds.
  path: Assets/Materials/Clouds.mat
  artifactKey: Guid(e1b97afa7166152459c9060194340fcd) Importer(815301076,1909f56bfc062723c751e8b465ee728b)
Start importing Assets/Materials/Clouds.mat using Guid(e1b97afa7166152459c9060194340fcd) Importer(815301076,1909f56bfc062723c751e8b465ee728b)  -> (artifact id: 'f063a39a4edc7c9154bae4028b4788de') in 0.157400 seconds 
  Import took 0.160445 seconds .

========================================================================
Received Import Request.
  Time since last request: 1022.764549 seconds.
  path: Assets/New Folder
  artifactKey: Guid(5660d9b4fcd0de14f94e69e56577d066) Importer(815301076,1909f56bfc062723c751e8b465ee728b)
Start importing Assets/New Folder using Guid(5660d9b4fcd0de14f94e69e56577d066) Importer(815301076,1909f56bfc062723c751e8b465ee728b)  -> (artifact id: 'a707e69b78b869810b6ec1ceddf48868') in 0.006115 seconds 
  Import took 0.012079 seconds .

========================================================================
Received Import Request.
  Time since last request: 15.675872 seconds.
  path: Assets/Textures
  artifactKey: Guid(5660d9b4fcd0de14f94e69e56577d066) Importer(815301076,1909f56bfc062723c751e8b465ee728b)
Start importing Assets/Textures using Guid(5660d9b4fcd0de14f94e69e56577d066) Importer(815301076,1909f56bfc062723c751e8b465ee728b)  -> (artifact id: 'f67d6ee7a9c61eace3be4e9445e1b940') in 0.011125 seconds 
  Import took 0.015603 seconds .

========================================================================
Received Import Request.
  Time since last request: 28.501613 seconds.
  path: Assets/Meshes/Ground Plane.obj
  artifactKey: Guid(deee43790039227438f7bfedf07ab4ba) Importer(815301076,1909f56bfc062723c751e8b465ee728b)
Start importing Assets/Meshes/Ground Plane.obj using Guid(deee43790039227438f7bfedf07ab4ba) Importer(815301076,1909f56bfc062723c751e8b465ee728b)  -> (artifact id: 'f741238ee69398e9d53edb17e2a21d09') in 0.139490 seconds 
  Import took 0.142307 seconds .

========================================================================
Received Import Request.
  Time since last request: 0.000421 seconds.
  path: Assets/Meshes/Target.obj
  artifactKey: Guid(52b58d4aa7c1d444cab5c8a41a1c2844) Importer(815301076,1909f56bfc062723c751e8b465ee728b)
Start importing Assets/Meshes/Target.obj using Guid(52b58d4aa7c1d444cab5c8a41a1c2844) Importer(815301076,1909f56bfc062723c751e8b465ee728b)  -> (artifact id: '8e0afdfa2d077bca3a1ff4f3362578be') in 0.034262 seconds 
  Import took 0.036818 seconds .

========================================================================
Received Import Request.
  Time since last request: 70.426640 seconds.
  path: Assets/Textures/Clouds.png
  artifactKey: Guid(bdc80d631bae4f0428039aa336454383) Importer(815301076,1909f56bfc062723c751e8b465ee728b)
Start importing Assets/Textures/Clouds.png using Guid(bdc80d631bae4f0428039aa336454383) Importer(815301076,1909f56bfc062723c751e8b465ee728b)  -> (artifact id: '154313432a6983b5068fc3d7b0eae26b') in 0.036426 seconds 
  Import took 0.040369 seconds .

========================================================================
Received Import Request.
  Time since last request: 0.000411 seconds.
  path: Assets/Textures/Diffuse.png
  artifactKey: Guid(0139f340b222c6c43b3ee439e4ecf9eb) Importer(815301076,1909f56bfc062723c751e8b465ee728b)
Start importing Assets/Textures/Diffuse.png using Guid(0139f340b222c6c43b3ee439e4ecf9eb) Importer(815301076,1909f56bfc062723c751e8b465ee728b)  -> (artifact id: 'c98731e8d4f3fd7235e9ace9d286cd49') in 0.044037 seconds 
  Import took 0.047509 seconds .

========================================================================
Received Import Request.
  Time since last request: 47.138900 seconds.
  path: Assets/Materials/New Material.mat
  artifactKey: Guid(cfa7a28ba40826241879a4f7847ba36e) Importer(815301076,1909f56bfc062723c751e8b465ee728b)
Start importing Assets/Materials/New Material.mat using Guid(cfa7a28ba40826241879a4f7847ba36e) Importer(815301076,1909f56bfc062723c751e8b465ee728b)  -> (artifact id: '802bbe29194f88a44d40d843d8301ca6') in 0.043965 seconds 
  Import took 0.048978 seconds .

========================================================================
Received Import Request.
  Time since last request: 25.936839 seconds.
  path: Assets/Materials/Diffise.mat
  artifactKey: Guid(cfa7a28ba40826241879a4f7847ba36e) Importer(815301076,1909f56bfc062723c751e8b465ee728b)
Start importing Assets/Materials/Diffise.mat using Guid(cfa7a28ba40826241879a4f7847ba36e) Importer(815301076,1909f56bfc062723c751e8b465ee728b)  -> (artifact id: '249ef694cb1bd5cc10a78e4661e7fb3b') in 0.060565 seconds 
  Import took 0.065664 seconds .

========================================================================
Received Import Request.
  Time since last request: 18.169423 seconds.
  path: Assets/Materials/MeshDiffuse.mat
  artifactKey: Guid(cfa7a28ba40826241879a4f7847ba36e) Importer(815301076,1909f56bfc062723c751e8b465ee728b)
Start importing Assets/Materials/MeshDiffuse.mat using Guid(cfa7a28ba40826241879a4f7847ba36e) Importer(815301076,1909f56bfc062723c751e8b465ee728b)  -> (artifact id: '5e1ff309ea9f7a11d750a1286a699039') in 0.024865 seconds 
  Import took 0.030963 seconds .

========================================================================
Received Import Request.
  Time since last request: 695.942302 seconds.
  path: Assets/Materials/New Material.mat
  artifactKey: Guid(d50c9eb90d7df2f4687635a1b15a82b5) Importer(815301076,1909f56bfc062723c751e8b465ee728b)
Start importing Assets/Materials/New Material.mat using Guid(d50c9eb90d7df2f4687635a1b15a82b5) Importer(815301076,1909f56bfc062723c751e8b465ee728b)  -> (artifact id: 'd0085cff7a8cf9ea691440758bfe0ffb') in 0.044012 seconds 
  Import took 0.056227 seconds .

========================================================================
Received Import Request.
  Time since last request: 12.308551 seconds.
  path: Assets/Materials/Skybox.mat
  artifactKey: Guid(d50c9eb90d7df2f4687635a1b15a82b5) Importer(815301076,1909f56bfc062723c751e8b465ee728b)
Start importing Assets/Materials/Skybox.mat using Guid(d50c9eb90d7df2f4687635a1b15a82b5) Importer(815301076,1909f56bfc062723c751e8b465ee728b)  -> (artifact id: '9a7d4ccc2efa4c7d641b731ba2117ca6') in 0.032545 seconds 
  Import took 0.035738 seconds .

========================================================================
Received Import Request.
  Time since last request: 145311.647167 seconds.
  path: Assets/Materials/MeshDiffuse.mat
  artifactKey: Guid(cfa7a28ba40826241879a4f7847ba36e) Importer(815301076,1909f56bfc062723c751e8b465ee728b)
Start importing Assets/Materials/MeshDiffuse.mat using Guid(cfa7a28ba40826241879a4f7847ba36e) Importer(815301076,1909f56bfc062723c751e8b465ee728b)  -> (artifact id: '2ed7582a975ad275193cdf985a86234b') in 0.317471 seconds 
  Import took 0.364105 seconds .

========================================================================
Received Import Request.
  Time since last request: 0.000550 seconds.
  path: Assets/Materials/Skybox.mat
  artifactKey: Guid(d50c9eb90d7df2f4687635a1b15a82b5) Importer(815301076,1909f56bfc062723c751e8b465ee728b)
Start importing Assets/Materials/Skybox.mat using Guid(d50c9eb90d7df2f4687635a1b15a82b5) Importer(815301076,1909f56bfc062723c751e8b465ee728b)  -> (artifact id: '334f11cd79fdb45a1bf62a5524e22198') in 0.063138 seconds 
  Import took 0.066548 seconds .

========================================================================
Received Import Request.
  Time since last request: 81843.973803 seconds.
  path: Assets/Materials/Clouds.shader
  artifactKey: Guid(0511afbbd127dab4bb39e93ca30de7a0) Importer(815301076,1909f56bfc062723c751e8b465ee728b)
Start importing Assets/Materials/Clouds.shader using Guid(0511afbbd127dab4bb39e93ca30de7a0) Importer(815301076,1909f56bfc062723c751e8b465ee728b)  -> (artifact id: '4945e87213e92ed9cc7da77820bdf8a6') in 0.041296 seconds 
  Import took 0.064308 seconds .

========================================================================
Received Import Request.
  Time since last request: 180535.589442 seconds.
  path: Assets/Materials/New Folder
  artifactKey: Guid(3c1136f21c34dc34794c97e024cbceec) Importer(815301076,1909f56bfc062723c751e8b465ee728b)
Start importing Assets/Materials/New Folder using Guid(3c1136f21c34dc34794c97e024cbceec) Importer(815301076,1909f56bfc062723c751e8b465ee728b)  -> (artifact id: 'bce5ee69a8728eafea1c34b248b759e3') in 0.014297 seconds 
  Import took 0.039195 seconds .

========================================================================
Received Import Request.
  Time since last request: 9.956372 seconds.
  path: Assets/Materials/Scripts
  artifactKey: Guid(3c1136f21c34dc34794c97e024cbceec) Importer(815301076,1909f56bfc062723c751e8b465ee728b)
Start importing Assets/Materials/Scripts using Guid(3c1136f21c34dc34794c97e024cbceec) Importer(815301076,1909f56bfc062723c751e8b465ee728b)  -> (artifact id: '029660da26d29d850a63123a4130f1e8') in 0.015252 seconds 
  Import took 0.019080 seconds .

========================================================================
Received Prepare
Registering precompiled user dll's ...
Registered in 0.055802 seconds.
Begin MonoManager ReloadAssembly
Native extension for WindowsStandalone target not found
Native extension for WebGL target not found
Refreshing native plugins compatible for Editor in 0.36 ms, found 2 plugins.
Preloading 0 native plugins for Editor in 0.00 ms.
Mono: successfully reloaded assembly
- Completed reload, in  1.480 seconds
Domain Reload Profiling:
	ReloadAssembly (1484ms)
		BeginReloadAssembly (329ms)
			ExecutionOrderSort (0ms)
			DisableScriptedObjects (23ms)
			BackupInstance (0ms)
			ReleaseScriptingObjects (0ms)
			CreateAndSetChildDomain (162ms)
		EndReloadAssembly (1069ms)
			LoadAssemblies (144ms)
			RebuildTransferFunctionScriptingTraits (0ms)
			SetupTypeCache (306ms)
			ReleaseScriptCaches (1ms)
			RebuildScriptCaches (41ms)
			SetupLoadedEditorAssemblies (435ms)
				LogAssemblyErrors (0ms)
				InitializePlatformSupportModulesInManaged (12ms)
				SetLoadedEditorAssemblies (1ms)
				RefreshPlugins (0ms)
				BeforeProcessingInitializeOnLoad (58ms)
				ProcessInitializeOnLoadAttributes (349ms)
				ProcessInitializeOnLoadMethodAttributes (5ms)
				AfterProcessingInitializeOnLoad (10ms)
				EditorAssembliesLoaded (0ms)
			ExecutionOrderSort2 (0ms)
			AwakeInstancesAfterBackupRestoration (9ms)
Platform modules already initialized, skipping
Switching build target platform(19) subTarget(0) extendedPlatform(0) -> platform(13) subTarget(589824) extendedPlatform(0)
Refreshing native plugins compatible for Editor in 0.35 ms, found 2 plugins.
Preloading 0 native plugins for Editor in 0.00 ms.
Unloading 1397 Unused Serialized files (Serialized files now loaded: 0)
System memory in use before: 68.5 MB.
System memory in use after: 68.6 MB.

Unloading 12 unused Assets to reduce memory usage. Loaded Objects now: 1882.
Total: 3.867600 ms (FindLiveObjects: 0.201900 ms CreateObjectMapping: 0.054900 ms MarkObjects: 3.491100 ms  DeleteObjects: 0.118400 ms)

AssetImportParameters requested are different than current active one (requested -> active):
  custom:framework-win-MediaFoundation: 216162199b28c13a410421893ffa2e32 -> 
  custom:video-decoder-ogg-theora: a1e56fd34408186e4bbccfd4996cb3dc -> 
  custom:container-muxer-webm: aa71ff27fc2769a1b78a27578f13a17b -> 
  custom:container-demuxer-webm: 4f35f7cbe854078d1ac9338744f61a02 -> 
  custom:container-demuxer-ogg: 62fdf1f143b41e24485cea50d1cbac27 -> 
  custom:video-encoder-webm-vp8: eb34c28f22e8b96e1ab97ce403110664 -> 
  custom:video-codec-MediaFoundation-h265: 746d11721c4dcdbdad8f713fa42b33f4 -> 
  custom:video-decoder-webm-vp8: 9c59270c3fd7afecdb556c50c9e8de78 -> 
  custom:graphics/normal-map-encoding: 01000000000000000000000000000000 -> 02000000000000000000000000000000
  custom:audio-decoder-ogg-vorbis: bf7c407c2cedff20999df2af8eb42d56 -> 
  custom:audio-encoder-webm-vorbis: bf7c407c2cedff20999df2af8eb42d56 -> 
========================================================================
Received Import Request.
  Time since last request: 51.527083 seconds.
  path: Assets/Materials/Scripts/NewBehaviourScript.cs
  artifactKey: Guid(a786ee38ff3b563438c987aac56aab12) Importer(815301076,1909f56bfc062723c751e8b465ee728b)
Start importing Assets/Materials/Scripts/NewBehaviourScript.cs using Guid(a786ee38ff3b563438c987aac56aab12) Importer(815301076,1909f56bfc062723c751e8b465ee728b)  -> (artifact id: '6a0a35df63fb7e9cb72ea72b8b02ad16') in 0.081442 seconds 
  Import took 0.083916 seconds .

========================================================================
Received Import Request.
  Time since last request: 5.084797 seconds.
  path: Assets/Materials/Scripts/PlayerView.cs
  artifactKey: Guid(a786ee38ff3b563438c987aac56aab12) Importer(815301076,1909f56bfc062723c751e8b465ee728b)
Start importing Assets/Materials/Scripts/PlayerView.cs using Guid(a786ee38ff3b563438c987aac56aab12) Importer(815301076,1909f56bfc062723c751e8b465ee728b)  -> (artifact id: 'e795e13c856907d2c82d152b9ab620ce') in 0.016014 seconds 
  Import took 0.020702 seconds .

========================================================================
Received Prepare
Registering precompiled user dll's ...
Registered in 0.006237 seconds.
Begin MonoManager ReloadAssembly
Native extension for WindowsStandalone target not found
Native extension for WebGL target not found
Refreshing native plugins compatible for Editor in 0.34 ms, found 2 plugins.
Preloading 0 native plugins for Editor in 0.00 ms.
Mono: successfully reloaded assembly
- Completed reload, in  1.371 seconds
Domain Reload Profiling:
	ReloadAssembly (1371ms)
		BeginReloadAssembly (138ms)
			ExecutionOrderSort (0ms)
			DisableScriptedObjects (5ms)
			BackupInstance (0ms)
			ReleaseScriptingObjects (0ms)
			CreateAndSetChildDomain (41ms)
		EndReloadAssembly (1148ms)
			LoadAssemblies (139ms)
			RebuildTransferFunctionScriptingTraits (0ms)
			SetupTypeCache (447ms)
			ReleaseScriptCaches (1ms)
			RebuildScriptCaches (50ms)
			SetupLoadedEditorAssemblies (353ms)
				LogAssemblyErrors (0ms)
				InitializePlatformSupportModulesInManaged (11ms)
				SetLoadedEditorAssemblies (0ms)
				RefreshPlugins (0ms)
				BeforeProcessingInitializeOnLoad (65ms)
				ProcessInitializeOnLoadAttributes (261ms)
				ProcessInitializeOnLoadMethodAttributes (3ms)
				AfterProcessingInitializeOnLoad (10ms)
				EditorAssembliesLoaded (0ms)
			ExecutionOrderSort2 (0ms)
			AwakeInstancesAfterBackupRestoration (8ms)
Platform modules already initialized, skipping
Switching build target platform(19) subTarget(0) extendedPlatform(0) -> platform(13) subTarget(589824) extendedPlatform(0)
Refreshing native plugins compatible for Editor in 0.37 ms, found 2 plugins.
Preloading 0 native plugins for Editor in 0.00 ms.
Unloading 1397 Unused Serialized files (Serialized files now loaded: 0)
System memory in use before: 68.5 MB.
System memory in use after: 68.6 MB.

Unloading 12 unused Assets to reduce memory usage. Loaded Objects now: 1884.
Total: 4.429400 ms (FindLiveObjects: 0.259600 ms CreateObjectMapping: 0.076400 ms MarkObjects: 4.010900 ms  DeleteObjects: 0.080800 ms)

AssetImportParameters requested are different than current active one (requested -> active):
  custom:framework-win-MediaFoundation: 216162199b28c13a410421893ffa2e32 -> 
  custom:video-decoder-ogg-theora: a1e56fd34408186e4bbccfd4996cb3dc -> 
  custom:container-muxer-webm: aa71ff27fc2769a1b78a27578f13a17b -> 
  custom:container-demuxer-webm: 4f35f7cbe854078d1ac9338744f61a02 -> 
  custom:container-demuxer-ogg: 62fdf1f143b41e24485cea50d1cbac27 -> 
  custom:video-encoder-webm-vp8: eb34c28f22e8b96e1ab97ce403110664 -> 
  custom:video-codec-MediaFoundation-h265: 746d11721c4dcdbdad8f713fa42b33f4 -> 
  custom:video-decoder-webm-vp8: 9c59270c3fd7afecdb556c50c9e8de78 -> 
  custom:graphics/normal-map-encoding: 01000000000000000000000000000000 -> 02000000000000000000000000000000
  custom:audio-decoder-ogg-vorbis: bf7c407c2cedff20999df2af8eb42d56 -> 
  custom:audio-encoder-webm-vorbis: bf7c407c2cedff20999df2af8eb42d56 -> 
========================================================================
Received Import Request.
  Time since last request: 116.217613 seconds.
  path: Assets/Materials/Scripts/PlayerView1.cs
  artifactKey: Guid(e0e97120a3be8264db532bef075d39df) Importer(815301076,1909f56bfc062723c751e8b465ee728b)
Start importing Assets/Materials/Scripts/PlayerView1.cs using Guid(e0e97120a3be8264db532bef075d39df) Importer(815301076,1909f56bfc062723c751e8b465ee728b)  -> (artifact id: '1daa058af161be61ed76c50a6deaa68e') in 0.017086 seconds 
  Import took 0.023092 seconds .

========================================================================
Received Prepare
Registering precompiled user dll's ...
Registered in 0.004531 seconds.
Begin MonoManager ReloadAssembly
Native extension for WindowsStandalone target not found
Native extension for WebGL target not found
Refreshing native plugins compatible for Editor in 0.36 ms, found 2 plugins.
Preloading 0 native plugins for Editor in 0.00 ms.
Mono: successfully reloaded assembly
- Completed reload, in  1.130 seconds
Domain Reload Profiling:
	ReloadAssembly (1130ms)
		BeginReloadAssembly (132ms)
			ExecutionOrderSort (0ms)
			DisableScriptedObjects (5ms)
			BackupInstance (0ms)
			ReleaseScriptingObjects (0ms)
			CreateAndSetChildDomain (38ms)
		EndReloadAssembly (923ms)
			LoadAssemblies (109ms)
			RebuildTransferFunctionScriptingTraits (0ms)
			SetupTypeCache (321ms)
			ReleaseScriptCaches (1ms)
			RebuildScriptCaches (38ms)
			SetupLoadedEditorAssemblies (293ms)
				LogAssemblyErrors (0ms)
				InitializePlatformSupportModulesInManaged (6ms)
				SetLoadedEditorAssemblies (0ms)
				RefreshPlugins (0ms)
				BeforeProcessingInitializeOnLoad (54ms)
				ProcessInitializeOnLoadAttributes (218ms)
				ProcessInitializeOnLoadMethodAttributes (3ms)
				AfterProcessingInitializeOnLoad (9ms)
				EditorAssembliesLoaded (0ms)
			ExecutionOrderSort2 (0ms)
			AwakeInstancesAfterBackupRestoration (7ms)
Platform modules already initialized, skipping
Switching build target platform(19) subTarget(0) extendedPlatform(0) -> platform(13) subTarget(589824) extendedPlatform(0)
Refreshing native plugins compatible for Editor in 0.31 ms, found 2 plugins.
Preloading 0 native plugins for Editor in 0.00 ms.
Unloading 1398 Unused Serialized files (Serialized files now loaded: 0)
System memory in use before: 68.6 MB.
System memory in use after: 68.6 MB.

Unloading 12 unused Assets to reduce memory usage. Loaded Objects now: 1887.
Total: 3.543500 ms (FindLiveObjects: 0.187500 ms CreateObjectMapping: 0.052700 ms MarkObjects: 3.247800 ms  DeleteObjects: 0.054200 ms)

AssetImportParameters requested are different than current active one (requested -> active):
  custom:framework-win-MediaFoundation: 216162199b28c13a410421893ffa2e32 -> 
  custom:video-decoder-ogg-theora: a1e56fd34408186e4bbccfd4996cb3dc -> 
  custom:container-muxer-webm: aa71ff27fc2769a1b78a27578f13a17b -> 
  custom:container-demuxer-webm: 4f35f7cbe854078d1ac9338744f61a02 -> 
  custom:container-demuxer-ogg: 62fdf1f143b41e24485cea50d1cbac27 -> 
  custom:video-encoder-webm-vp8: eb34c28f22e8b96e1ab97ce403110664 -> 
  custom:video-codec-MediaFoundation-h265: 746d11721c4dcdbdad8f713fa42b33f4 -> 
  custom:video-decoder-webm-vp8: 9c59270c3fd7afecdb556c50c9e8de78 -> 
  custom:graphics/normal-map-encoding: 01000000000000000000000000000000 -> 02000000000000000000000000000000
  custom:audio-decoder-ogg-vorbis: bf7c407c2cedff20999df2af8eb42d56 -> 
  custom:audio-encoder-webm-vorbis: bf7c407c2cedff20999df2af8eb42d56 -> 
========================================================================
Received Prepare
Registering precompiled user dll's ...
Registered in 0.006187 seconds.
Begin MonoManager ReloadAssembly
Native extension for WindowsStandalone target not found
Native extension for WebGL target not found
Refreshing native plugins compatible for Editor in 0.30 ms, found 2 plugins.
Preloading 0 native plugins for Editor in 0.00 ms.
Mono: successfully reloaded assembly
- Completed reload, in  1.123 seconds
Domain Reload Profiling:
	ReloadAssembly (1124ms)
		BeginReloadAssembly (134ms)
			ExecutionOrderSort (0ms)
			DisableScriptedObjects (5ms)
			BackupInstance (0ms)
			ReleaseScriptingObjects (0ms)
			CreateAndSetChildDomain (35ms)
		EndReloadAssembly (897ms)
			LoadAssemblies (107ms)
			RebuildTransferFunctionScriptingTraits (0ms)
			SetupTypeCache (287ms)
			ReleaseScriptCaches (1ms)
			RebuildScriptCaches (43ms)
			SetupLoadedEditorAssemblies (300ms)
				LogAssemblyErrors (0ms)
				InitializePlatformSupportModulesInManaged (8ms)
				SetLoadedEditorAssemblies (0ms)
				RefreshPlugins (0ms)
				BeforeProcessingInitializeOnLoad (60ms)
				ProcessInitializeOnLoadAttributes (218ms)
				ProcessInitializeOnLoadMethodAttributes (4ms)
				AfterProcessingInitializeOnLoad (10ms)
				EditorAssembliesLoaded (0ms)
			ExecutionOrderSort2 (0ms)
			AwakeInstancesAfterBackupRestoration (8ms)
Platform modules already initialized, skipping
Switching build target platform(19) subTarget(0) extendedPlatform(0) -> platform(13) subTarget(589824) extendedPlatform(0)
Refreshing native plugins compatible for Editor in 0.34 ms, found 2 plugins.
Preloading 0 native plugins for Editor in 0.00 ms.
Unloading 1397 Unused Serialized files (Serialized files now loaded: 0)
System memory in use before: 68.5 MB.
System memory in use after: 68.6 MB.

Unloading 13 unused Assets to reduce memory usage. Loaded Objects now: 1888.
Total: 3.622100 ms (FindLiveObjects: 0.283500 ms CreateObjectMapping: 0.065800 ms MarkObjects: 3.210100 ms  DeleteObjects: 0.061300 ms)

AssetImportParameters requested are different than current active one (requested -> active):
  custom:framework-win-MediaFoundation: 216162199b28c13a410421893ffa2e32 -> 
  custom:video-decoder-ogg-theora: a1e56fd34408186e4bbccfd4996cb3dc -> 
  custom:container-muxer-webm: aa71ff27fc2769a1b78a27578f13a17b -> 
  custom:container-demuxer-webm: 4f35f7cbe854078d1ac9338744f61a02 -> 
  custom:container-demuxer-ogg: 62fdf1f143b41e24485cea50d1cbac27 -> 
  custom:video-encoder-webm-vp8: eb34c28f22e8b96e1ab97ce403110664 -> 
  custom:video-codec-MediaFoundation-h265: 746d11721c4dcdbdad8f713fa42b33f4 -> 
  custom:video-decoder-webm-vp8: 9c59270c3fd7afecdb556c50c9e8de78 -> 
  custom:graphics/normal-map-encoding: 01000000000000000000000000000000 -> 02000000000000000000000000000000
  custom:audio-decoder-ogg-vorbis: bf7c407c2cedff20999df2af8eb42d56 -> 
  custom:audio-encoder-webm-vorbis: bf7c407c2cedff20999df2af8eb42d56 -> 
========================================================================
Received Import Request.
  Time since last request: 28.544994 seconds.
  path: Assets/Materials/Scripts/PlayerView.cs
  artifactKey: Guid(e0e97120a3be8264db532bef075d39df) Importer(815301076,1909f56bfc062723c751e8b465ee728b)
Start importing Assets/Materials/Scripts/PlayerView.cs using Guid(e0e97120a3be8264db532bef075d39df) Importer(815301076,1909f56bfc062723c751e8b465ee728b)  -> (artifact id: '84b29da368aafdad3dc4d1e70f133ba9') in 0.009582 seconds 
  Import took 0.013043 seconds .

========================================================================
Received Prepare
Registering precompiled user dll's ...
Registered in 0.004324 seconds.
Begin MonoManager ReloadAssembly
Native extension for WindowsStandalone target not found
Native extension for WebGL target not found
Refreshing native plugins compatible for Editor in 0.31 ms, found 2 plugins.
Preloading 0 native plugins for Editor in 0.00 ms.
Mono: successfully reloaded assembly
- Completed reload, in  1.134 seconds
Domain Reload Profiling:
	ReloadAssembly (1134ms)
		BeginReloadAssembly (137ms)
			ExecutionOrderSort (0ms)
			DisableScriptedObjects (5ms)
			BackupInstance (0ms)
			ReleaseScriptingObjects (0ms)
			CreateAndSetChildDomain (39ms)
		EndReloadAssembly (919ms)
			LoadAssemblies (116ms)
			RebuildTransferFunctionScriptingTraits (0ms)
			SetupTypeCache (291ms)
			ReleaseScriptCaches (1ms)
			RebuildScriptCaches (40ms)
			SetupLoadedEditorAssemblies (297ms)
				LogAssemblyErrors (0ms)
				InitializePlatformSupportModulesInManaged (7ms)
				SetLoadedEditorAssemblies (0ms)
				RefreshPlugins (0ms)
				BeforeProcessingInitializeOnLoad (57ms)
				ProcessInitializeOnLoadAttributes (218ms)
				ProcessInitializeOnLoadMethodAttributes (4ms)
				AfterProcessingInitializeOnLoad (11ms)
				EditorAssembliesLoaded (0ms)
			ExecutionOrderSort2 (0ms)
			AwakeInstancesAfterBackupRestoration (7ms)
Platform modules already initialized, skipping
Switching build target platform(19) subTarget(0) extendedPlatform(0) -> platform(13) subTarget(589824) extendedPlatform(0)
Refreshing native plugins compatible for Editor in 0.31 ms, found 2 plugins.
Preloading 0 native plugins for Editor in 0.00 ms.
Unloading 1397 Unused Serialized files (Serialized files now loaded: 0)
System memory in use before: 68.5 MB.
System memory in use after: 68.6 MB.

Unloading 12 unused Assets to reduce memory usage. Loaded Objects now: 1890.
Total: 3.198200 ms (FindLiveObjects: 0.156100 ms CreateObjectMapping: 0.043000 ms MarkObjects: 2.899800 ms  DeleteObjects: 0.098300 ms)

AssetImportParameters requested are different than current active one (requested -> active):
  custom:framework-win-MediaFoundation: 216162199b28c13a410421893ffa2e32 -> 
  custom:video-decoder-ogg-theora: a1e56fd34408186e4bbccfd4996cb3dc -> 
  custom:container-muxer-webm: aa71ff27fc2769a1b78a27578f13a17b -> 
  custom:container-demuxer-webm: 4f35f7cbe854078d1ac9338744f61a02 -> 
  custom:container-demuxer-ogg: 62fdf1f143b41e24485cea50d1cbac27 -> 
  custom:video-encoder-webm-vp8: eb34c28f22e8b96e1ab97ce403110664 -> 
  custom:video-codec-MediaFoundation-h265: 746d11721c4dcdbdad8f713fa42b33f4 -> 
  custom:video-decoder-webm-vp8: 9c59270c3fd7afecdb556c50c9e8de78 -> 
  custom:graphics/normal-map-encoding: 01000000000000000000000000000000 -> 02000000000000000000000000000000
  custom:audio-decoder-ogg-vorbis: bf7c407c2cedff20999df2af8eb42d56 -> 
  custom:audio-encoder-webm-vorbis: bf7c407c2cedff20999df2af8eb42d56 -> 
========================================================================
Received Prepare
Registering precompiled user dll's ...
Registered in 0.004402 seconds.
Begin MonoManager ReloadAssembly
Native extension for WindowsStandalone target not found
Native extension for WebGL target not found
Refreshing native plugins compatible for Editor in 0.31 ms, found 2 plugins.
Preloading 0 native plugins for Editor in 0.00 ms.
Mono: successfully reloaded assembly
- Completed reload, in  1.200 seconds
Domain Reload Profiling:
	ReloadAssembly (1201ms)
		BeginReloadAssembly (143ms)
			ExecutionOrderSort (0ms)
			DisableScriptedObjects (4ms)
			BackupInstance (0ms)
			ReleaseScriptingObjects (0ms)
			CreateAndSetChildDomain (41ms)
		EndReloadAssembly (970ms)
			LoadAssemblies (103ms)
			RebuildTransferFunctionScriptingTraits (0ms)
			SetupTypeCache (295ms)
			ReleaseScriptCaches (1ms)
			RebuildScriptCaches (39ms)
			SetupLoadedEditorAssemblies (350ms)
				LogAssemblyErrors (0ms)
				InitializePlatformSupportModulesInManaged (6ms)
				SetLoadedEditorAssemblies (1ms)
				RefreshPlugins (0ms)
				BeforeProcessingInitializeOnLoad (57ms)
				ProcessInitializeOnLoadAttributes (268ms)
				ProcessInitializeOnLoadMethodAttributes (5ms)
				AfterProcessingInitializeOnLoad (12ms)
				EditorAssembliesLoaded (0ms)
			ExecutionOrderSort2 (0ms)
			AwakeInstancesAfterBackupRestoration (8ms)
Platform modules already initialized, skipping
Switching build target platform(19) subTarget(0) extendedPlatform(0) -> platform(13) subTarget(589824) extendedPlatform(0)
Refreshing native plugins compatible for Editor in 0.30 ms, found 2 plugins.
Preloading 0 native plugins for Editor in 0.00 ms.
Unloading 1396 Unused Serialized files (Serialized files now loaded: 0)
System memory in use before: 68.5 MB.
System memory in use after: 68.6 MB.

Unloading 13 unused Assets to reduce memory usage. Loaded Objects now: 1891.
Total: 3.250000 ms (FindLiveObjects: 0.160900 ms CreateObjectMapping: 0.045700 ms MarkObjects: 2.958700 ms  DeleteObjects: 0.083700 ms)

AssetImportParameters requested are different than current active one (requested -> active):
  custom:framework-win-MediaFoundation: 216162199b28c13a410421893ffa2e32 -> 
  custom:video-decoder-ogg-theora: a1e56fd34408186e4bbccfd4996cb3dc -> 
  custom:container-muxer-webm: aa71ff27fc2769a1b78a27578f13a17b -> 
  custom:container-demuxer-webm: 4f35f7cbe854078d1ac9338744f61a02 -> 
  custom:container-demuxer-ogg: 62fdf1f143b41e24485cea50d1cbac27 -> 
  custom:video-encoder-webm-vp8: eb34c28f22e8b96e1ab97ce403110664 -> 
  custom:video-codec-MediaFoundation-h265: 746d11721c4dcdbdad8f713fa42b33f4 -> 
  custom:video-decoder-webm-vp8: 9c59270c3fd7afecdb556c50c9e8de78 -> 
  custom:graphics/normal-map-encoding: 01000000000000000000000000000000 -> 02000000000000000000000000000000
  custom:audio-decoder-ogg-vorbis: bf7c407c2cedff20999df2af8eb42d56 -> 
  custom:audio-encoder-webm-vorbis: bf7c407c2cedff20999df2af8eb42d56 -> 
========================================================================
Received Import Request.
  Time since last request: 48.954645 seconds.
  path: Assets/Materials/Scripts/PlayerView.cs
  artifactKey: Guid(e0e97120a3be8264db532bef075d39df) Importer(815301076,1909f56bfc062723c751e8b465ee728b)
Start importing Assets/Materials/Scripts/PlayerView.cs using Guid(e0e97120a3be8264db532bef075d39df) Importer(815301076,1909f56bfc062723c751e8b465ee728b)  -> (artifact id: '36c1daa066b5713466e04f667c743d43') in 0.007417 seconds 
  Import took 0.010377 seconds .

========================================================================
Received Prepare
Registering precompiled user dll's ...
Registered in 0.004369 seconds.
Begin MonoManager ReloadAssembly
Native extension for WindowsStandalone target not found
Native extension for WebGL target not found
Refreshing native plugins compatible for Editor in 0.62 ms, found 2 plugins.
Preloading 0 native plugins for Editor in 0.00 ms.
Mono: successfully reloaded assembly
- Completed reload, in  1.258 seconds
Domain Reload Profiling:
	ReloadAssembly (1259ms)
		BeginReloadAssembly (132ms)
			ExecutionOrderSort (0ms)
			DisableScriptedObjects (9ms)
			BackupInstance (0ms)
			ReleaseScriptingObjects (0ms)
			CreateAndSetChildDomain (37ms)
		EndReloadAssembly (1055ms)
			LoadAssemblies (107ms)
			RebuildTransferFunctionScriptingTraits (0ms)
			SetupTypeCache (326ms)
			ReleaseScriptCaches (1ms)
			RebuildScriptCaches (71ms)
			SetupLoadedEditorAssemblies (315ms)
				LogAssemblyErrors (0ms)
				InitializePlatformSupportModulesInManaged (11ms)
				SetLoadedEditorAssemblies (1ms)
				RefreshPlugins (1ms)
				BeforeProcessingInitializeOnLoad (72ms)
				ProcessInitializeOnLoadAttributes (217ms)
				ProcessInitializeOnLoadMethodAttributes (3ms)
				AfterProcessingInitializeOnLoad (10ms)
				EditorAssembliesLoaded (0ms)
			ExecutionOrderSort2 (0ms)
			AwakeInstancesAfterBackupRestoration (8ms)
Platform modules already initialized, skipping
Switching build target platform(19) subTarget(0) extendedPlatform(0) -> platform(13) subTarget(589824) extendedPlatform(0)
Refreshing native plugins compatible for Editor in 0.34 ms, found 2 plugins.
Preloading 0 native plugins for Editor in 0.00 ms.
Unloading 1397 Unused Serialized files (Serialized files now loaded: 0)
System memory in use before: 68.6 MB.
System memory in use after: 68.6 MB.

Unloading 12 unused Assets to reduce memory usage. Loaded Objects now: 1894.
Total: 4.706800 ms (FindLiveObjects: 0.408700 ms CreateObjectMapping: 0.192900 ms MarkObjects: 3.993100 ms  DeleteObjects: 0.111000 ms)

AssetImportParameters requested are different than current active one (requested -> active):
  custom:framework-win-MediaFoundation: 216162199b28c13a410421893ffa2e32 -> 
  custom:video-decoder-ogg-theora: a1e56fd34408186e4bbccfd4996cb3dc -> 
  custom:container-muxer-webm: aa71ff27fc2769a1b78a27578f13a17b -> 
  custom:container-demuxer-webm: 4f35f7cbe854078d1ac9338744f61a02 -> 
  custom:container-demuxer-ogg: 62fdf1f143b41e24485cea50d1cbac27 -> 
  custom:video-encoder-webm-vp8: eb34c28f22e8b96e1ab97ce403110664 -> 
  custom:video-codec-MediaFoundation-h265: 746d11721c4dcdbdad8f713fa42b33f4 -> 
  custom:video-decoder-webm-vp8: 9c59270c3fd7afecdb556c50c9e8de78 -> 
  custom:graphics/normal-map-encoding: 01000000000000000000000000000000 -> 02000000000000000000000000000000
  custom:audio-decoder-ogg-vorbis: bf7c407c2cedff20999df2af8eb42d56 -> 
  custom:audio-encoder-webm-vorbis: bf7c407c2cedff20999df2af8eb42d56 -> 
========================================================================
Received Import Request.
  Time since last request: 3020.927643 seconds.
  path: Assets/Materials/Scripts/PlayerView.cs
  artifactKey: Guid(e0e97120a3be8264db532bef075d39df) Importer(815301076,1909f56bfc062723c751e8b465ee728b)
Start importing Assets/Materials/Scripts/PlayerView.cs using Guid(e0e97120a3be8264db532bef075d39df) Importer(815301076,1909f56bfc062723c751e8b465ee728b)  -> (artifact id: '374085508e664cef299320c39578c605') in 0.138810 seconds 
  Import took 0.203200 seconds .

